> Task :compileJava
> Task :processResources
> Task :classes
> Task :resolveMainClassName

> Task :bootRun

  .   ____          _            __ _ _
 /\\ / ___'_ __ _ _(_)_ __  __ _ \ \ \ \
( ( )\___ | '_ | '_| | '_ \/ _` | \ \ \ \
 \\/  ___)| |_)| | | | | || (_| |  ) ) ) )
  '  |____| .__|_| |_|_| |_\__, | / / / /
 =========|_|==============|___/=/_/_/_/

 :: Spring Boot ::                (v4.0.3)

2026-03-15T23:42:33.495-04:00  INFO 1984770 --- [skylink-media-service] [  restartedMain] r.c.m.s.SkylinkMediaServiceApplication   : Starting SkylinkMediaServiceApplication using Java 21.0.10 with PID 1984770 (/home/mhcybroot/projects/skylink-media-service-backend/build/classes/java/main started by mhcybroot in /home/mhcybroot/projects/skylink-media-service-backend)
2026-03-15T23:42:33.498-04:00  INFO 1984770 --- [skylink-media-service] [  restartedMain] r.c.m.s.SkylinkMediaServiceApplication   : No active profile set, falling back to 1 default profile: "default"
2026-03-15T23:42:33.524-04:00  INFO 1984770 --- [skylink-media-service] [  restartedMain] .e.DevToolsPropertyDefaultsPostProcessor : Devtools property defaults active! Set 'spring.devtools.add-properties' to 'false' to disable
2026-03-15T23:42:33.524-04:00  INFO 1984770 --- [skylink-media-service] [  restartedMain] .e.DevToolsPropertyDefaultsPostProcessor : For additional web related logging consider setting the 'logging.level.web' property to 'DEBUG'
2026-03-15T23:42:33.874-04:00  INFO 1984770 --- [skylink-media-service] [  restartedMain] .s.d.r.c.RepositoryConfigurationDelegate : Bootstrapping Spring Data JPA repositories in DEFAULT mode.
2026-03-15T23:42:33.931-04:00  INFO 1984770 --- [skylink-media-service] [  restartedMain] .s.d.r.c.RepositoryConfigurationDelegate : Finished Spring Data repository scanning in 40 ms. Found 7 JPA repository interfaces.
2026-03-15T23:42:34.203-04:00  INFO 1984770 --- [skylink-media-service] [  restartedMain] o.s.boot.tomcat.TomcatWebServer          : Tomcat initialized with port 8085 (http)
2026-03-15T23:42:34.211-04:00  INFO 1984770 --- [skylink-media-service] [  restartedMain] o.apache.catalina.core.StandardService   : Starting service [Tomcat]
2026-03-15T23:42:34.212-04:00  INFO 1984770 --- [skylink-media-service] [  restartedMain] o.apache.catalina.core.StandardEngine    : Starting Servlet engine: [Apache Tomcat/11.0.18]
2026-03-15T23:42:34.237-04:00  INFO 1984770 --- [skylink-media-service] [  restartedMain] b.w.c.s.WebApplicationContextInitializer : Root WebApplicationContext: initialization completed in 712 ms
2026-03-15T23:42:34.344-04:00  INFO 1984770 --- [skylink-media-service] [  restartedMain] org.hibernate.orm.jpa                    : HHH008540: Processing PersistenceUnitInfo [name: default]
2026-03-15T23:42:34.367-04:00  INFO 1984770 --- [skylink-media-service] [  restartedMain] org.hibernate.orm.core                   : HHH000001: Hibernate ORM core version 7.2.4.Final
2026-03-15T23:42:34.590-04:00  INFO 1984770 --- [skylink-media-service] [  restartedMain] o.s.o.j.p.SpringPersistenceUnitInfo      : No LoadTimeWeaver setup: ignoring JPA class transformer
2026-03-15T23:42:34.615-04:00  INFO 1984770 --- [skylink-media-service] [  restartedMain] com.zaxxer.hikari.HikariDataSource       : HikariPool-1 - Starting...
2026-03-15T23:42:34.679-04:00  INFO 1984770 --- [skylink-media-service] [  restartedMain] com.zaxxer.hikari.pool.HikariPool        : HikariPool-1 - Added connection org.postgresql.jdbc.PgConnection@209ee538
2026-03-15T23:42:34.680-04:00  INFO 1984770 --- [skylink-media-service] [  restartedMain] com.zaxxer.hikari.HikariDataSource       : HikariPool-1 - Start completed.
2026-03-15T23:42:34.696-04:00  WARN 1984770 --- [skylink-media-service] [  restartedMain] org.hibernate.orm.deprecation            : HHH90000025: PostgreSQLDialect does not need to be specified explicitly using 'hibernate.dialect' (remove the property setting and it will be selected by default)
2026-03-15T23:42:34.706-04:00  INFO 1984770 --- [skylink-media-service] [  restartedMain] org.hibernate.orm.connections.pooling    : HHH10001005: Database info:
	Database JDBC URL [jdbc:postgresql://localhost:5432/skylink_media_service]
	Database driver: PostgreSQL JDBC Driver
	Database dialect: PostgreSQLDialect
	Database version: 18.3
	Default catalog/schema: skylink_media_service/public
	Autocommit mode: undefined/unknown
	Isolation level: READ_COMMITTED [default READ_COMMITTED]
	JDBC fetch size: none
	Pool: DataSourceConnectionProvider
	Minimum pool size: undefined/unknown
	Maximum pool size: undefined/unknown
2026-03-15T23:42:35.275-04:00  INFO 1984770 --- [skylink-media-service] [  restartedMain] org.hibernate.orm.core                   : HHH000489: No JTA platform available (set 'hibernate.transaction.jta.platform' to enable JTA platform integration)
2026-03-15T23:42:35.325-04:00  INFO 1984770 --- [skylink-media-service] [  restartedMain] j.LocalContainerEntityManagerFactoryBean : Initialized JPA EntityManagerFactory for persistence unit 'default'
2026-03-15T23:42:35.375-04:00  INFO 1984770 --- [skylink-media-service] [  restartedMain] o.s.d.j.r.query.QueryEnhancerFactories   : Hibernate is in classpath; If applicable, HQL parser will be used.
2026-03-15T23:42:36.335-04:00  WARN 1984770 --- [skylink-media-service] [  restartedMain] JpaBaseConfiguration$JpaWebConfiguration : spring.jpa.open-in-view is enabled by default. Therefore, database queries may be performed during view rendering. Explicitly configure spring.jpa.open-in-view to disable this warning
2026-03-15T23:42:36.387-04:00  INFO 1984770 --- [skylink-media-service] [  restartedMain] r$InitializeUserDetailsManagerConfigurer : Global AuthenticationManager configured with UserDetailsService bean with name customUserDetailsService
2026-03-15T23:42:36.665-04:00  INFO 1984770 --- [skylink-media-service] [  restartedMain] o.s.boot.tomcat.TomcatWebServer          : Tomcat started on port 8085 (http) with context path '/'
2026-03-15T23:42:36.673-04:00  INFO 1984770 --- [skylink-media-service] [  restartedMain] r.c.m.s.SkylinkMediaServiceApplication   : Started SkylinkMediaServiceApplication in 3.374 seconds (process running for 3.622)
2026-03-15T23:42:36.673-04:00  INFO 1984770 --- [skylink-media-service] [   scheduling-1] r.c.m.s.i.storage.StorageCleanupService  : Starting cleanup of raw images older than 2026-03-14T23:42:36.673027922
2026-03-15T23:42:36.768-04:00  INFO 1984770 --- [skylink-media-service] [   scheduling-1] r.c.m.s.i.storage.StorageCleanupService  : Cleanup completed. Processed 0 files
2026-03-15T23:42:44.247-04:00  INFO 1984770 --- [skylink-media-service] [nio-8085-exec-1] o.a.c.c.C.[Tomcat].[localhost].[/]       : Initializing Spring DispatcherServlet 'dispatcherServlet'
2026-03-15T23:42:44.247-04:00  INFO 1984770 --- [skylink-media-service] [nio-8085-exec-1] o.s.web.servlet.DispatcherServlet        : Initializing Servlet 'dispatcherServlet'
2026-03-15T23:42:44.249-04:00  INFO 1984770 --- [skylink-media-service] [nio-8085-exec-1] o.s.web.servlet.DispatcherServlet        : Completed initialization in 1 ms
2026-03-15T23:46:25.687-04:00  INFO 1984770 --- [skylink-media-service] [   File Watcher] rtingClassPathChangeChangedEventListener : Restarting due to 63 class path changes (0 additions, 0 deletions, 63 modifications)
2026-03-15T23:46:25.696-04:00  INFO 1984770 --- [skylink-media-service] [       Thread-1] o.s.boot.tomcat.GracefulShutdown         : Commencing graceful shutdown. Waiting for active requests to complete
2026-03-15T23:46:25.699-04:00  INFO 1984770 --- [skylink-media-service] [tomcat-shutdown] o.s.boot.tomcat.GracefulShutdown         : Graceful shutdown complete
2026-03-15T23:46:25.705-04:00  INFO 1984770 --- [skylink-media-service] [       Thread-1] j.LocalContainerEntityManagerFactoryBean : Closing JPA EntityManagerFactory for persistence unit 'default'
2026-03-15T23:46:25.709-04:00  INFO 1984770 --- [skylink-media-service] [       Thread-1] com.zaxxer.hikari.HikariDataSource       : HikariPool-1 - Shutdown initiated...
2026-03-15T23:46:25.715-04:00  INFO 1984770 --- [skylink-media-service] [       Thread-1] com.zaxxer.hikari.HikariDataSource       : HikariPool-1 - Shutdown completed.

  .   ____          _            __ _ _
 /\\ / ___'_ __ _ _(_)_ __  __ _ \ \ \ \
( ( )\___ | '_ | '_| | '_ \/ _` | \ \ \ \
 \\/  ___)| |_)| | | | | || (_| |  ) ) ) )
  '  |____| .__|_| |_|_| |_\__, | / / / /
 =========|_|==============|___/=/_/_/_/

 :: Spring Boot ::                (v4.0.3)

2026-03-15T23:46:25.911-04:00  INFO 1984770 --- [skylink-media-service] [  restartedMain] r.c.m.s.SkylinkMediaServiceApplication   : Starting SkylinkMediaServiceApplication using Java 21.0.10 with PID 1984770 (/home/mhcybroot/projects/skylink-media-service-backend/build/classes/java/main started by mhcybroot in /home/mhcybroot/projects/skylink-media-service-backend)
2026-03-15T23:46:25.911-04:00  INFO 1984770 --- [skylink-media-service] [  restartedMain] r.c.m.s.SkylinkMediaServiceApplication   : No active profile set, falling back to 1 default profile: "default"
2026-03-15T23:46:26.045-04:00  INFO 1984770 --- [skylink-media-service] [  restartedMain] .s.d.r.c.RepositoryConfigurationDelegate : Bootstrapping Spring Data JPA repositories in DEFAULT mode.
2026-03-15T23:46:26.058-04:00  INFO 1984770 --- [skylink-media-service] [  restartedMain] .s.d.r.c.RepositoryConfigurationDelegate : Finished Spring Data repository scanning in 11 ms. Found 7 JPA repository interfaces.
2026-03-15T23:46:26.118-04:00  INFO 1984770 --- [skylink-media-service] [  restartedMain] o.s.boot.tomcat.TomcatWebServer          : Tomcat initialized with port 8085 (http)
2026-03-15T23:46:26.119-04:00  INFO 1984770 --- [skylink-media-service] [  restartedMain] o.apache.catalina.core.StandardService   : Starting service [Tomcat]
2026-03-15T23:46:26.119-04:00  INFO 1984770 --- [skylink-media-service] [  restartedMain] o.apache.catalina.core.StandardEngine    : Starting Servlet engine: [Apache Tomcat/11.0.18]
2026-03-15T23:46:26.124-04:00  INFO 1984770 --- [skylink-media-service] [  restartedMain] b.w.c.s.WebApplicationContextInitializer : Root WebApplicationContext: initialization completed in 206 ms
2026-03-15T23:46:26.154-04:00  INFO 1984770 --- [skylink-media-service] [  restartedMain] org.hibernate.orm.jpa                    : HHH008540: Processing PersistenceUnitInfo [name: default]
2026-03-15T23:46:26.168-04:00  INFO 1984770 --- [skylink-media-service] [  restartedMain] o.s.o.j.p.SpringPersistenceUnitInfo      : No LoadTimeWeaver setup: ignoring JPA class transformer
2026-03-15T23:46:26.169-04:00  INFO 1984770 --- [skylink-media-service] [  restartedMain] com.zaxxer.hikari.HikariDataSource       : HikariPool-2 - Starting...
2026-03-15T23:46:26.174-04:00  INFO 1984770 --- [skylink-media-service] [  restartedMain] com.zaxxer.hikari.pool.HikariPool        : HikariPool-2 - Added connection org.postgresql.jdbc.PgConnection@6b5ebfa
2026-03-15T23:46:26.174-04:00  INFO 1984770 --- [skylink-media-service] [  restartedMain] com.zaxxer.hikari.HikariDataSource       : HikariPool-2 - Start completed.
2026-03-15T23:46:26.176-04:00  WARN 1984770 --- [skylink-media-service] [  restartedMain] org.hibernate.orm.deprecation            : HHH90000025: PostgreSQLDialect does not need to be specified explicitly using 'hibernate.dialect' (remove the property setting and it will be selected by default)
2026-03-15T23:46:26.177-04:00  INFO 1984770 --- [skylink-media-service] [  restartedMain] org.hibernate.orm.connections.pooling    : HHH10001005: Database info:
	Database JDBC URL [jdbc:postgresql://localhost:5432/skylink_media_service]
	Database driver: PostgreSQL JDBC Driver
	Database dialect: PostgreSQLDialect
	Database version: 18.3
	Default catalog/schema: skylink_media_service/public
	Autocommit mode: undefined/unknown
	Isolation level: READ_COMMITTED [default READ_COMMITTED]
	JDBC fetch size: none
	Pool: DataSourceConnectionProvider
	Minimum pool size: undefined/unknown
	Maximum pool size: undefined/unknown
2026-03-15T23:46:26.272-04:00  INFO 1984770 --- [skylink-media-service] [  restartedMain] org.hibernate.orm.core                   : HHH000489: No JTA platform available (set 'hibernate.transaction.jta.platform' to enable JTA platform integration)
2026-03-15T23:46:26.322-04:00  INFO 1984770 --- [skylink-media-service] [  restartedMain] j.LocalContainerEntityManagerFactoryBean : Initialized JPA EntityManagerFactory for persistence unit 'default'
2026-03-15T23:46:26.431-04:00  WARN 1984770 --- [skylink-media-service] [  restartedMain] JpaBaseConfiguration$JpaWebConfiguration : spring.jpa.open-in-view is enabled by default. Therefore, database queries may be performed during view rendering. Explicitly configure spring.jpa.open-in-view to disable this warning
2026-03-15T23:46:26.445-04:00  INFO 1984770 --- [skylink-media-service] [  restartedMain] r$InitializeUserDetailsManagerConfigurer : Global AuthenticationManager configured with UserDetailsService bean with name customUserDetailsService
2026-03-15T23:46:26.524-04:00  INFO 1984770 --- [skylink-media-service] [  restartedMain] o.s.boot.tomcat.TomcatWebServer          : Tomcat started on port 8085 (http) with context path '/'
2026-03-15T23:46:26.526-04:00  INFO 1984770 --- [skylink-media-service] [   scheduling-1] r.c.m.s.i.storage.StorageCleanupService  : Starting cleanup of raw images older than 2026-03-14T23:46:26.526663284
2026-03-15T23:46:26.527-04:00  INFO 1984770 --- [skylink-media-service] [  restartedMain] r.c.m.s.SkylinkMediaServiceApplication   : Started SkylinkMediaServiceApplication in 0.668 seconds (process running for 233.476)
2026-03-15T23:46:26.543-04:00  INFO 1984770 --- [skylink-media-service] [   scheduling-1] r.c.m.s.i.storage.StorageCleanupService  : Cleanup completed. Processed 0 files
2026-03-15T23:46:26.545-04:00  INFO 1984770 --- [skylink-media-service] [  restartedMain] .ConditionEvaluationDeltaLoggingListener : Condition evaluation unchanged
2026-03-15T23:46:37.249-04:00  INFO 1984770 --- [skylink-media-service] [nio-8085-exec-1] o.a.c.c.C.[Tomcat].[localhost].[/]       : Initializing Spring DispatcherServlet 'dispatcherServlet'
2026-03-15T23:46:37.249-04:00  INFO 1984770 --- [skylink-media-service] [nio-8085-exec-1] o.s.web.servlet.DispatcherServlet        : Initializing Servlet 'dispatcherServlet'
2026-03-15T23:46:37.251-04:00  INFO 1984770 --- [skylink-media-service] [nio-8085-exec-1] o.s.web.servlet.DispatcherServlet        : Completed initialization in 2 ms
